<testsuites name="jest tests" tests="1" failures="0" time="2.271">
  <testsuite name="undefined" errors="0" failures="0" skipped="0" timestamp="2022-04-15T15:33:22" time="2.271" tests="1">
    <testcase classname=" renders without crashing" name=" renders without crashing" time="0.028">
    </testcase>
  </testsuite>
</testsuites>